{"meta": {"format": 3, "version": "7.13.4", "timestamp": "2026-02-12T10:32:50.748843", "branch_coverage": false, "show_contexts": false}, "files": {"src/message_bus/recording.py": {"executed_lines": [7, 9, 10, 11, 12, 13, 14, 15, 16, 17, 18, 19, 20, 21, 23, 25, 27, 30, 35, 36, 37, 38, 41, 46, 49, 58, 59, 60, 63, 64, 71, 72, 73, 74, 75, 76, 77, 80, 83, 84, 88, 89, 94, 97, 99, 100, 101, 103, 104, 105, 106, 107, 109, 110, 113, 124, 132, 146, 147, 149, 152, 153, 154, 156, 157, 158, 161, 164, 169, 172, 174, 176, 177, 178, 179, 180, 182, 184, 185, 186, 187, 190, 191, 192, 193, 196, 197, 198, 199, 200, 201, 202, 203, 206, 207, 218, 219, 221, 223, 224, 230, 232, 234, 235, 236, 238, 240, 241, 243, 246, 249, 252, 253, 256, 257, 262, 279, 281, 297, 298, 300, 301, 302, 303, 305, 322, 323, 324, 335, 336, 338, 340, 341, 342, 343, 344, 345, 346, 347, 348, 350, 351, 353, 355, 356, 357, 358, 359, 360, 361, 363, 364, 366, 368, 369, 370, 371, 372, 373, 374, 376, 377, 379, 381, 382, 383, 384, 389, 390, 394, 396, 398, 402, 404, 406, 408, 410, 414, 415, 419, 421, 422, 423, 424, 426, 428, 430, 432, 435, 445, 447, 471, 504, 519, 532, 545, 560, 566, 572, 578, 586, 587, 591, 602, 606], "summary": {"covered_lines": 205, "num_statements": 273, "percent_covered": 75.0915750915751, "percent_covered_display": "75", "missing_lines": 68, "excluded_lines": 5, "percent_statements_covered": 75.0915750915751, "percent_statements_covered_display": "75"}, "missing_lines": [225, 227, 228, 233, 385, 386, 387, 417, 463, 464, 466, 467, 468, 469, 488, 489, 490, 501, 502, 506, 507, 508, 509, 510, 511, 512, 513, 514, 516, 517, 521, 522, 523, 524, 525, 526, 527, 529, 530, 534, 535, 536, 537, 538, 539, 540, 542, 543, 547, 548, 549, 550, 551, 552, 553, 555, 556, 564, 570, 576, 582, 589, 597, 598, 599, 600, 604, 608], "excluded_lines": [86, 87, 91, 92, 93], "functions": {"_safe_asdict": {"executed_lines": [35, 36, 37, 38], "summary": {"covered_lines": 4, "num_statements": 4, "percent_covered": 100.0, "percent_covered_display": "100", "missing_lines": 0, "excluded_lines": 0, "percent_statements_covered": 100.0, "percent_statements_covered_display": "100"}, "missing_lines": [], "excluded_lines": [], "start_line": 30}, "_safe_json": {"executed_lines": [46], "summary": {"covered_lines": 1, "num_statements": 1, "percent_covered": 100.0, "percent_covered_display": "100", "missing_lines": 0, "excluded_lines": 0, "percent_statements_covered": 100.0, "percent_statements_covered_display": "100"}, "missing_lines": [], "excluded_lines": [], "start_line": 41}, "_format_timestamp": {"executed_lines": [58, 59, 60], "summary": {"covered_lines": 3, "num_statements": 3, "percent_covered": 100.0, "percent_covered_display": "100", "missing_lines": 0, "excluded_lines": 0, "percent_statements_covered": 100.0, "percent_statements_covered_display": "100"}, "missing_lines": [], "excluded_lines": [], "start_line": 49}, "RecordStore.append": {"executed_lines": [], "summary": {"covered_lines": 0, "num_statements": 0, "percent_covered": 100.0, "percent_covered_display": "100", "missing_lines": 0, "excluded_lines": 1, "percent_statements_covered": 100.0, "percent_statements_covered_display": "100"}, "missing_lines": [], "excluded_lines": [86], "start_line": 84}, "RecordStore.close": {"executed_lines": [], "summary": {"covered_lines": 0, "num_statements": 0, "percent_covered": 100.0, "percent_covered_display": "100", "missing_lines": 0, "excluded_lines": 1, "percent_statements_covered": 100.0, "percent_statements_covered_display": "100"}, "missing_lines": [], "excluded_lines": [91], "start_line": 89}, "MemoryStore.__init__": {"executed_lines": [100, 101], "summary": {"covered_lines": 2, "num_statements": 2, "percent_covered": 100.0, "percent_covered_display": "100", "missing_lines": 0, "excluded_lines": 0, "percent_statements_covered": 100.0, "percent_statements_covered_display": "100"}, "missing_lines": [], "excluded_lines": [], "start_line": 99}, "MemoryStore.append": {"executed_lines": [104, 105, 106, 107], "summary": {"covered_lines": 4, "num_statements": 4, "percent_covered": 100.0, "percent_covered_display": "100", "missing_lines": 0, "excluded_lines": 0, "percent_statements_covered": 100.0, "percent_statements_covered_display": "100"}, "missing_lines": [], "excluded_lines": [], "start_line": 103}, "MemoryStore.close": {"executed_lines": [110], "summary": {"covered_lines": 1, "num_statements": 1, "percent_covered": 100.0, "percent_covered_display": "100", "missing_lines": 0, "excluded_lines": 0, "percent_statements_covered": 100.0, "percent_statements_covered_display": "100"}, "missing_lines": [], "excluded_lines": [], "start_line": 109}, "JsonLineStore.__init__": {"executed_lines": [146, 147, 149, 152, 153, 154, 156, 157, 158, 161, 164, 169, 172], "summary": {"covered_lines": 13, "num_statements": 13, "percent_covered": 100.0, "percent_covered_display": "100", "missing_lines": 0, "excluded_lines": 0, "percent_statements_covered": 100.0, "percent_statements_covered_display": "100"}, "missing_lines": [], "excluded_lines": [], "start_line": 132}, "JsonLineStore._cleanup_old_runs": {"executed_lines": [176, 177, 178, 179, 180], "summary": {"covered_lines": 5, "num_statements": 5, "percent_covered": 100.0, "percent_covered_display": "100", "missing_lines": 0, "excluded_lines": 0, "percent_statements_covered": 100.0, "percent_statements_covered_display": "100"}, "missing_lines": [], "excluded_lines": [], "start_line": 174}, "JsonLineStore._writer_loop": {"executed_lines": [184, 185, 186, 187, 190, 191, 192, 193, 196, 197, 198, 199, 200, 201, 202, 203, 206, 207, 218, 219, 221, 223, 224], "summary": {"covered_lines": 23, "num_statements": 26, "percent_covered": 88.46153846153847, "percent_covered_display": "88", "missing_lines": 3, "excluded_lines": 0, "percent_statements_covered": 88.46153846153847, "percent_statements_covered_display": "88"}, "missing_lines": [225, 227, 228], "excluded_lines": [], "start_line": 182}, "JsonLineStore.append": {"executed_lines": [232, 234, 235, 236], "summary": {"covered_lines": 4, "num_statements": 5, "percent_covered": 80.0, "percent_covered_display": "80", "missing_lines": 1, "excluded_lines": 0, "percent_statements_covered": 80.0, "percent_statements_covered_display": "80"}, "missing_lines": [233], "excluded_lines": [], "start_line": 230}, "JsonLineStore.close": {"executed_lines": [240, 241, 243, 246, 249, 252, 253, 256, 257], "summary": {"covered_lines": 9, "num_statements": 9, "percent_covered": 100.0, "percent_covered_display": "100", "missing_lines": 0, "excluded_lines": 0, "percent_statements_covered": 100.0, "percent_statements_covered_display": "100"}, "missing_lines": [], "excluded_lines": [], "start_line": 238}, "RecordingBus.__init__": {"executed_lines": [297, 298, 300, 301, 302, 303], "summary": {"covered_lines": 6, "num_statements": 6, "percent_covered": 100.0, "percent_covered_display": "100", "missing_lines": 0, "excluded_lines": 0, "percent_statements_covered": 100.0, "percent_statements_covered_display": "100"}, "missing_lines": [], "excluded_lines": [], "start_line": 281}, "RecordingBus._record_dispatch": {"executed_lines": [322, 323, 324, 335, 336], "summary": {"covered_lines": 5, "num_statements": 5, "percent_covered": 100.0, "percent_covered_display": "100", "missing_lines": 0, "excluded_lines": 0, "percent_statements_covered": 100.0, "percent_statements_covered_display": "100"}, "missing_lines": [], "excluded_lines": [], "start_line": 305}, "RecordingBus.send": {"executed_lines": [340, 341, 342, 343, 344, 345, 346, 347, 348, 350, 351], "summary": {"covered_lines": 11, "num_statements": 11, "percent_covered": 100.0, "percent_covered_display": "100", "missing_lines": 0, "excluded_lines": 0, "percent_statements_covered": 100.0, "percent_statements_covered_display": "100"}, "missing_lines": [], "excluded_lines": [], "start_line": 338}, "RecordingBus.execute": {"executed_lines": [355, 356, 357, 358, 359, 360, 361, 363, 364], "summary": {"covered_lines": 9, "num_statements": 9, "percent_covered": 100.0, "percent_covered_display": "100", "missing_lines": 0, "excluded_lines": 0, "percent_statements_covered": 100.0, "percent_statements_covered_display": "100"}, "missing_lines": [], "excluded_lines": [], "start_line": 353}, "RecordingBus.publish": {"executed_lines": [368, 369, 370, 371, 372, 373, 374, 376, 377], "summary": {"covered_lines": 9, "num_statements": 9, "percent_covered": 100.0, "percent_covered_display": "100", "missing_lines": 0, "excluded_lines": 0, "percent_statements_covered": 100.0, "percent_statements_covered_display": "100"}, "missing_lines": [], "excluded_lines": [], "start_line": 366}, "RecordingBus.dispatch": {"executed_lines": [381, 382, 383, 384, 389, 390], "summary": {"covered_lines": 6, "num_statements": 9, "percent_covered": 66.66666666666667, "percent_covered_display": "67", "missing_lines": 3, "excluded_lines": 0, "percent_statements_covered": 66.66666666666667, "percent_statements_covered_display": "67"}, "missing_lines": [385, 386, 387], "excluded_lines": [], "start_line": 379}, "RecordingBus.register_query": {"executed_lines": [396], "summary": {"covered_lines": 1, "num_statements": 1, "percent_covered": 100.0, "percent_covered_display": "100", "missing_lines": 0, "excluded_lines": 0, "percent_statements_covered": 100.0, "percent_statements_covered_display": "100"}, "missing_lines": [], "excluded_lines": [], "start_line": 394}, "RecordingBus.register_command": {"executed_lines": [402], "summary": {"covered_lines": 1, "num_statements": 1, "percent_covered": 100.0, "percent_covered_display": "100", "missing_lines": 0, "excluded_lines": 0, "percent_statements_covered": 100.0, "percent_statements_covered_display": "100"}, "missing_lines": [], "excluded_lines": [], "start_line": 398}, "RecordingBus.subscribe": {"executed_lines": [406], "summary": {"covered_lines": 1, "num_statements": 1, "percent_covered": 100.0, "percent_covered_display": "100", "missing_lines": 0, "excluded_lines": 0, "percent_statements_covered": 100.0, "percent_statements_covered_display": "100"}, "missing_lines": [], "excluded_lines": [], "start_line": 404}, "RecordingBus.register_task": {"executed_lines": [410], "summary": {"covered_lines": 1, "num_statements": 1, "percent_covered": 100.0, "percent_covered_display": "100", "missing_lines": 0, "excluded_lines": 0, "percent_statements_covered": 100.0, "percent_statements_covered_display": "100"}, "missing_lines": [], "excluded_lines": [], "start_line": 408}, "RecordingBus.store": {"executed_lines": [], "summary": {"covered_lines": 0, "num_statements": 1, "percent_covered": 0.0, "percent_covered_display": "0", "missing_lines": 1, "excluded_lines": 0, "percent_statements_covered": 0.0, "percent_statements_covered_display": "0"}, "missing_lines": [417], "excluded_lines": [], "start_line": 415}, "RecordingBus.close": {"executed_lines": [421, 422, 423, 424], "summary": {"covered_lines": 4, "num_statements": 4, "percent_covered": 100.0, "percent_covered_display": "100", "missing_lines": 0, "excluded_lines": 0, "percent_statements_covered": 100.0, "percent_statements_covered_display": "100"}, "missing_lines": [], "excluded_lines": [], "start_line": 419}, "RecordingBus.__enter__": {"executed_lines": [428], "summary": {"covered_lines": 1, "num_statements": 1, "percent_covered": 100.0, "percent_covered_display": "100", "missing_lines": 0, "excluded_lines": 0, "percent_statements_covered": 100.0, "percent_statements_covered_display": "100"}, "missing_lines": [], "excluded_lines": [], "start_line": 426}, "RecordingBus.__exit__": {"executed_lines": [432], "summary": {"covered_lines": 1, "num_statements": 1, "percent_covered": 100.0, "percent_covered_display": "100", "missing_lines": 0, "excluded_lines": 0, "percent_statements_covered": 100.0, "percent_statements_covered_display": "100"}, "missing_lines": [], "excluded_lines": [], "start_line": 430}, "AsyncRecordingBus.__init__": {"executed_lines": [], "summary": {"covered_lines": 0, "num_statements": 6, "percent_covered": 0.0, "percent_covered_display": "0", "missing_lines": 6, "excluded_lines": 0, "percent_statements_covered": 0.0, "percent_statements_covered_display": "0"}, "missing_lines": [463, 464, 466, 467, 468, 469], "excluded_lines": [], "start_line": 447}, "AsyncRecordingBus._record_dispatch": {"executed_lines": [], "summary": {"covered_lines": 0, "num_statements": 5, "percent_covered": 0.0, "percent_covered_display": "0", "missing_lines": 5, "excluded_lines": 0, "percent_statements_covered": 0.0, "percent_statements_covered_display": "0"}, "missing_lines": [488, 489, 490, 501, 502], "excluded_lines": [], "start_line": 471}, "AsyncRecordingBus.send": {"executed_lines": [], "summary": {"covered_lines": 0, "num_statements": 11, "percent_covered": 0.0, "percent_covered_display": "0", "missing_lines": 11, "excluded_lines": 0, "percent_statements_covered": 0.0, "percent_statements_covered_display": "0"}, "missing_lines": [506, 507, 508, 509, 510, 511, 512, 513, 514, 516, 517], "excluded_lines": [], "start_line": 504}, "AsyncRecordingBus.execute": {"executed_lines": [], "summary": {"covered_lines": 0, "num_statements": 9, "percent_covered": 0.0, "percent_covered_display": "0", "missing_lines": 9, "excluded_lines": 0, "percent_statements_covered": 0.0, "percent_statements_covered_display": "0"}, "missing_lines": [521, 522, 523, 524, 525, 526, 527, 529, 530], "excluded_lines": [], "start_line": 519}, "AsyncRecordingBus.publish": {"executed_lines": [], "summary": {"covered_lines": 0, "num_statements": 9, "percent_covered": 0.0, "percent_covered_display": "0", "missing_lines": 9, "excluded_lines": 0, "percent_statements_covered": 0.0, "percent_statements_covered_display": "0"}, "missing_lines": [534, 535, 536, 537, 538, 539, 540, 542, 543], "excluded_lines": [], "start_line": 532}, "AsyncRecordingBus.dispatch": {"executed_lines": [], "summary": {"covered_lines": 0, "num_statements": 9, "percent_covered": 0.0, "percent_covered_display": "0", "missing_lines": 9, "excluded_lines": 0, "percent_statements_covered": 0.0, "percent_statements_covered_display": "0"}, "missing_lines": [547, 548, 549, 550, 551, 552, 553, 555, 556], "excluded_lines": [], "start_line": 545}, "AsyncRecordingBus.register_query": {"executed_lines": [], "summary": {"covered_lines": 0, "num_statements": 1, "percent_covered": 0.0, "percent_covered_display": "0", "missing_lines": 1, "excluded_lines": 0, "percent_statements_covered": 0.0, "percent_statements_covered_display": "0"}, "missing_lines": [564], "excluded_lines": [], "start_line": 560}, "AsyncRecordingBus.register_command": {"executed_lines": [], "summary": {"covered_lines": 0, "num_statements": 1, "percent_covered": 0.0, "percent_covered_display": "0", "missing_lines": 1, "excluded_lines": 0, "percent_statements_covered": 0.0, "percent_statements_covered_display": "0"}, "missing_lines": [570], "excluded_lines": [], "start_line": 566}, "AsyncRecordingBus.subscribe": {"executed_lines": [], "summary": {"covered_lines": 0, "num_statements": 1, "percent_covered": 0.0, "percent_covered_display": "0", "missing_lines": 1, "excluded_lines": 0, "percent_statements_covered": 0.0, "percent_statements_covered_display": "0"}, "missing_lines": [576], "excluded_lines": [], "start_line": 572}, "AsyncRecordingBus.register_task": {"executed_lines": [], "summary": {"covered_lines": 0, "num_statements": 1, "percent_covered": 0.0, "percent_covered_display": "0", "missing_lines": 1, "excluded_lines": 0, "percent_statements_covered": 0.0, "percent_statements_covered_display": "0"}, "missing_lines": [582], "excluded_lines": [], "start_line": 578}, "AsyncRecordingBus.store": {"executed_lines": [], "summary": {"covered_lines": 0, "num_statements": 1, "percent_covered": 0.0, "percent_covered_display": "0", "missing_lines": 1, "excluded_lines": 0, "percent_statements_covered": 0.0, "percent_statements_covered_display": "0"}, "missing_lines": [589], "excluded_lines": [], "start_line": 587}, "AsyncRecordingBus.close": {"executed_lines": [], "summary": {"covered_lines": 0, "num_statements": 4, "percent_covered": 0.0, "percent_covered_display": "0", "missing_lines": 4, "excluded_lines": 0, "percent_statements_covered": 0.0, "percent_statements_covered_display": "0"}, "missing_lines": [597, 598, 599, 600], "excluded_lines": [], "start_line": 591}, "AsyncRecordingBus.__aenter__": {"executed_lines": [], "summary": {"covered_lines": 0, "num_statements": 1, "percent_covered": 0.0, "percent_covered_display": "0", "missing_lines": 1, "excluded_lines": 0, "percent_statements_covered": 0.0, "percent_statements_covered_display": "0"}, "missing_lines": [604], "excluded_lines": [], "start_line": 602}, "AsyncRecordingBus.__aexit__": {"executed_lines": [], "summary": {"covered_lines": 0, "num_statements": 1, "percent_covered": 0.0, "percent_covered_display": "0", "missing_lines": 1, "excluded_lines": 0, "percent_statements_covered": 0.0, "percent_statements_covered_display": "0"}, "missing_lines": [608], "excluded_lines": [], "start_line": 606}, "": {"executed_lines": [7, 9, 10, 11, 12, 13, 14, 15, 16, 17, 18, 19, 20, 21, 23, 25, 27, 30, 41, 49, 63, 64, 71, 72, 73, 74, 75, 76, 77, 80, 83, 84, 88, 89, 94, 97, 99, 103, 109, 113, 124, 132, 174, 182, 230, 238, 262, 279, 281, 305, 338, 353, 366, 379, 394, 398, 404, 408, 414, 415, 419, 426, 430, 435, 445, 447, 471, 504, 519, 532, 545, 560, 566, 572, 578, 586, 587, 591, 602, 606], "summary": {"covered_lines": 80, "num_statements": 80, "percent_covered": 100.0, "percent_covered_display": "100", "missing_lines": 0, "excluded_lines": 3, "percent_statements_covered": 100.0, "percent_statements_covered_display": "100"}, "missing_lines": [], "excluded_lines": [87, 92, 93], "start_line": 1}}, "classes": {"Record": {"executed_lines": [], "summary": {"covered_lines": 0, "num_statements": 0, "percent_covered": 100.0, "percent_covered_display": "100", "missing_lines": 0, "excluded_lines": 0, "percent_statements_covered": 100.0, "percent_statements_covered_display": "100"}, "missing_lines": [], "excluded_lines": [], "start_line": 64}, "RecordStore": {"executed_lines": [], "summary": {"covered_lines": 0, "num_statements": 0, "percent_covered": 100.0, "percent_covered_display": "100", "missing_lines": 0, "excluded_lines": 2, "percent_statements_covered": 100.0, "percent_statements_covered_display": "100"}, "missing_lines": [], "excluded_lines": [86, 91], "start_line": 80}, "MemoryStore": {"executed_lines": [100, 101, 104, 105, 106, 107, 110], "summary": {"covered_lines": 7, "num_statements": 7, "percent_covered": 100.0, "percent_covered_display": "100", "missing_lines": 0, "excluded_lines": 0, "percent_statements_covered": 100.0, "percent_statements_covered_display": "100"}, "missing_lines": [], "excluded_lines": [], "start_line": 94}, "JsonLineStore": {"executed_lines": [146, 147, 149, 152, 153, 154, 156, 157, 158, 161, 164, 169, 172, 176, 177, 178, 179, 180, 184, 185, 186, 187, 190, 191, 192, 193, 196, 197, 198, 199, 200, 201, 202, 203, 206, 207, 218, 219, 221, 223, 224, 232, 234, 235, 236, 240, 241, 243, 246, 249, 252, 253, 256, 257], "summary": {"covered_lines": 54, "num_statements": 58, "percent_covered": 93.10344827586206, "percent_covered_display": "93", "missing_lines": 4, "excluded_lines": 0, "percent_statements_covered": 93.10344827586206, "percent_statements_covered_display": "93"}, "missing_lines": [225, 227, 228, 233], "excluded_lines": [], "start_line": 113}, "RecordingBus": {"executed_lines": [297, 298, 300, 301, 302, 303, 322, 323, 324, 335, 336, 340, 341, 342, 343, 344, 345, 346, 347, 348, 350, 351, 355, 356, 357, 358, 359, 360, 361, 363, 364, 368, 369, 370, 371, 372, 373, 374, 376, 377, 381, 382, 383, 384, 389, 390, 396, 402, 406, 410, 421, 422, 423, 424, 428, 432], "summary": {"covered_lines": 56, "num_statements": 60, "percent_covered": 93.33333333333333, "percent_covered_display": "93", "missing_lines": 4, "excluded_lines": 0, "percent_statements_covered": 93.33333333333333, "percent_statements_covered_display": "93"}, "missing_lines": [385, 386, 387, 417], "excluded_lines": [], "start_line": 262}, "AsyncRecordingBus": {"executed_lines": [], "summary": {"covered_lines": 0, "num_statements": 60, "percent_covered": 0.0, "percent_covered_display": "0", "missing_lines": 60, "excluded_lines": 0, "percent_statements_covered": 0.0, "percent_statements_covered_display": "0"}, "missing_lines": [463, 464, 466, 467, 468, 469, 488, 489, 490, 501, 502, 506, 507, 508, 509, 510, 511, 512, 513, 514, 516, 517, 521, 522, 523, 524, 525, 526, 527, 529, 530, 534, 535, 536, 537, 538, 539, 540, 542, 543, 547, 548, 549, 550, 551, 552, 553, 555, 556, 564, 570, 576, 582, 589, 597, 598, 599, 600, 604, 608], "excluded_lines": [], "start_line": 435}, "": {"executed_lines": [7, 9, 10, 11, 12, 13, 14, 15, 16, 17, 18, 19, 20, 21, 23, 25, 27, 30, 35, 36, 37, 38, 41, 46, 49, 58, 59, 60, 63, 64, 71, 72, 73, 74, 75, 76, 77, 80, 83, 84, 88, 89, 94, 97, 99, 103, 109, 113, 124, 132, 174, 182, 230, 238, 262, 279, 281, 305, 338, 353, 366, 379, 394, 398, 404, 408, 414, 415, 419, 426, 430, 435, 445, 447, 471, 504, 519, 532, 545, 560, 566, 572, 578, 586, 587, 591, 602, 606], "summary": {"covered_lines": 88, "num_statements": 88, "percent_covered": 100.0, "percent_covered_display": "100", "missing_lines": 0, "excluded_lines": 3, "percent_statements_covered": 100.0, "percent_statements_covered_display": "100"}, "missing_lines": [], "excluded_lines": [87, 92, 93], "start_line": 1}}}}, "totals": {"covered_lines": 205, "num_statements": 273, "percent_covered": 75.0915750915751, "percent_covered_display": "75", "missing_lines": 68, "excluded_lines": 5, "percent_statements_covered": 75.0915750915751, "percent_statements_covered_display": "75"}}